Using pre-set license
Built from '2021.1/staging' branch; Version is '2021.1.5f1 (3737af19df53) revision 3618735'; Using compiler version '192528614'; Build Type 'Release'
OS: 'Windows 10 Pro; OS build 19041.329; Version 2004; 64bit' Language: 'en' Physical Memory: 8097 MB
BatchMode: 1, IsHumanControllingUs: 0, StartBugReporterOnCrash: 0, Is64bit: 1, IsPro: 0

 COMMAND LINE ARGUMENTS:
C:\Program Files\Unity\Hub\Editor\2021.1.5f1\Editor\Unity.exe
-adb2
-batchMode
-noUpm
-name
AssetImportWorker2
-projectPath
C:/Users/Dell/Desktop/JumpingJacksProject
-logFile
Logs/AssetImportWorker2.log
-srvPort
57929
Successfully changed project path to: C:/Users/Dell/Desktop/JumpingJacksProject
C:/Users/Dell/Desktop/JumpingJacksProject
Using Asset Import Pipeline V2.
Refreshing native plugins compatible for Editor in 660.36 ms, found 2 plugins.
Preloading 0 native plugins for Editor in 0.00 ms.
Initialize engine version: 2021.1.5f1 (3737af19df53)
[Subsystems] Discovering subsystems at path C:/Program Files/Unity/Hub/Editor/2021.1.5f1/Editor/Data/Resources/UnitySubsystems
[Subsystems] Discovering subsystems at path C:/Users/Dell/Desktop/JumpingJacksProject/Assets
GfxDevice: creating device client; threaded=0; jobified=0
Direct3D:
    Version:  Direct3D 11.0 [level 11.1]
    Renderer: Intel(R) HD Graphics Family (ID=0xa16)
    Vendor:   Intel
    VRAM:     2048 MB
    Driver:   20.19.15.4835
Initialize mono
Mono path[0] = 'C:/Program Files/Unity/Hub/Editor/2021.1.5f1/Editor/Data/Managed'
Mono path[1] = 'C:/Program Files/Unity/Hub/Editor/2021.1.5f1/Editor/Data/MonoBleedingEdge/lib/mono/unityjit'
Mono config path = 'C:/Program Files/Unity/Hub/Editor/2021.1.5f1/Editor/Data/MonoBleedingEdge/etc'
Using monoOptions --debugger-agent=transport=dt_socket,embedding=1,server=y,suspend=n,address=127.0.0.1:56040
Begin MonoManager ReloadAssembly
Registering precompiled unity dll's ...
Register platform support module: C:/Program Files/Unity/Hub/Editor/2021.1.5f1/Editor/Data/PlaybackEngines/WindowsStandaloneSupport/UnityEditor.WindowsStandalone.Extensions.dll
Registered in 0.007167 seconds.
Native extension for WindowsStandalone target not found
Refreshing native plugins compatible for Editor in 373.87 ms, found 2 plugins.
Preloading 0 native plugins for Editor in 0.00 ms.
Mono: successfully reloaded assembly
- Completed reload, in  7.834 seconds
Platform modules already initialized, skipping
Registering precompiled user dll's ...
Registered in 0.011949 seconds.
Begin MonoManager ReloadAssembly
Native extension for WindowsStandalone target not found
Refreshing native plugins compatible for Editor in 349.07 ms, found 2 plugins.
Preloading 0 native plugins for Editor in 0.00 ms.
Mono: successfully reloaded assembly
- Completed reload, in  4.408 seconds
Platform modules already initialized, skipping
========================================================================
Worker process is ready to serve import requests
Launched and connected shader compiler UnityShaderCompiler.exe after 0.83 seconds
Refreshing native plugins compatible for Editor in 1.69 ms, found 2 plugins.
Preloading 0 native plugins for Editor in 0.00 ms.
Unloading 3864 Unused Serialized files (Serialized files now loaded: 0)
System memory in use before: 147.3 MB.
System memory in use after: 147.6 MB.

Unloading 27 unused Assets to reduce memory usage. Loaded Objects now: 4325.
Total: 11.115700 ms (FindLiveObjects: 1.966800 ms CreateObjectMapping: 0.808400 ms MarkObjects: 8.188100 ms  DeleteObjects: 0.149100 ms)

========================================================================
Received Import Request.
  path: Assets/_sprites/Materials/TileVania Mushroom.mat
  artifactKey: Guid(7182d1fb34074f647b9089cb5d674779) Importer(815301076,1909f56bfc062723c751e8b465ee728b)
Start importing Assets/_sprites/Materials/TileVania Mushroom.mat using Guid(7182d1fb34074f647b9089cb5d674779) Importer(815301076,1909f56bfc062723c751e8b465ee728b)  -> (artifact id: 'd1aca5d7f1d611b954bf965eed3e7add') in 0.467517 seconds 
========================================================================
Received Import Request.
  Time since last request: 0.000557 seconds.
  path: Assets/_sprites/Materials
  artifactKey: Guid(6b0c99a31585f5f4d9b7c332724e0c40) Importer(815301076,1909f56bfc062723c751e8b465ee728b)
Start importing Assets/_sprites/Materials using Guid(6b0c99a31585f5f4d9b7c332724e0c40) Importer(815301076,1909f56bfc062723c751e8b465ee728b)  -> (artifact id: 'c15075bb580a463a582e7cff71559d35') in 0.045933 seconds 
========================================================================
Received Import Request.
  Time since last request: 4146.950366 seconds.
  path: Assets/_animation/Death.anim
  artifactKey: Guid(a3e36b56771de124d916e0670e8bb9cf) Importer(815301076,1909f56bfc062723c751e8b465ee728b)
Start importing Assets/_animation/Death.anim using Guid(a3e36b56771de124d916e0670e8bb9cf) Importer(815301076,1909f56bfc062723c751e8b465ee728b)  -> (artifact id: '4180828522e6874d16f9fd1748d160ae') in 0.197832 seconds 
========================================================================
Received Import Request.
  Time since last request: 7.540154 seconds.
  path: Assets/_animation/Player.controller
  artifactKey: Guid(4a8a5b81a8469194ab5ae848e41a374e) Importer(815301076,1909f56bfc062723c751e8b465ee728b)
Start importing Assets/_animation/Player.controller using Guid(4a8a5b81a8469194ab5ae848e41a374e) Importer(815301076,1909f56bfc062723c751e8b465ee728b)  -> (artifact id: '2a6dc58368734d62eb29a0bff724fe36') in 0.099687 seconds 
AssetImportWorkerClient::OnTransportError - code=2 error=End of file
